<?xml version="1.0" encoding="UTF-8"?>
<!-- Generated by org.testng.reporters.JUnitReportReporter -->
<testsuite hostname="DESKTOP-TP4IQEA" failures="0" tests="8" name="runner.TestRunner" time="250.514" errors="0" timestamp="2025-09-08T16:17:21 IST" skipped="0">
  <testcase classname="runner.TestRunner" name="runScenario" time="42.925"/>
  <testcase classname="runner.TestRunner" name="runScenario" time="33.663"/>
  <testcase classname="runner.TestRunner" name="runScenario" time="52.580"/>
  <testcase classname="runner.TestRunner" name="runScenario" time="35.304"/>
  <testcase classname="runner.TestRunner" name="runScenario" time="19.530"/>
  <testcase classname="runner.TestRunner" name="runScenario" time="31.465"/>
  <testcase classname="runner.TestRunner" name="runScenario" time="13.232"/>
  <testcase classname="runner.TestRunner" name="runScenario" time="21.815"/>
</testsuite> <!-- runner.TestRunner -->
